0 info it worked if it ends with ok
1 verbose cli [ 'node', '/usr/local/bin/npm', 'publish' ]
2 info using npm@2.14.2
3 info using node@v0.10.35
4 verbose publish [ '.' ]
5 silly cache add args [ '.', null ]
6 verbose cache add spec .
7 silly cache add parsed spec { raw: '.',
7 silly cache add   scope: null,
7 silly cache add   name: null,
7 silly cache add   rawSpec: '.',
7 silly cache add   spec: '/Users/kodsmith/dev/stubhub/app-npm-packages/core-sass',
7 silly cache add   type: 'directory' }
8 verbose addLocalDirectory /Users/kodsmith/.npm/stubhub-core-sass/1.0.0/package.tgz not in flight; packing
9 verbose tar pack [ '/Users/kodsmith/.npm/stubhub-core-sass/1.0.0/package.tgz',
9 verbose tar pack   '/Users/kodsmith/dev/stubhub/app-npm-packages/core-sass' ]
10 verbose tarball /Users/kodsmith/.npm/stubhub-core-sass/1.0.0/package.tgz
11 verbose folder /Users/kodsmith/dev/stubhub/app-npm-packages/core-sass
12 info prepublish stubhub-core-sass@1.0.0
13 verbose addLocalTarball adding from inside cache /Users/kodsmith/.npm/stubhub-core-sass/1.0.0/package.tgz
14 silly cache afterAdd stubhub-core-sass@1.0.0
15 verbose afterAdd /Users/kodsmith/.npm/stubhub-core-sass/1.0.0/package/package.json not in flight; writing
16 verbose afterAdd /Users/kodsmith/.npm/stubhub-core-sass/1.0.0/package/package.json written
17 silly publish { name: 'stubhub-core-sass',
17 silly publish   version: '1.0.0',
17 silly publish   description: 'the core sass declarations for StubHub!',
17 silly publish   main: 'index.js',
17 silly publish   scripts: { test: 'echo "Error: no test specified" && exit 1' },
17 silly publish   author: '',
17 silly publish   license: 'ISC',
17 silly publish   readme: 'ERROR: No README data found!',
17 silly publish   _id: 'stubhub-core-sass@1.0.0',
17 silly publish   _shasum: '50528ded66adb190529dcf5fed3c7732e37d7e77',
17 silly publish   _from: '.' }
18 verbose getPublishConfig undefined
19 silly mapToRegistry name stubhub-core-sass
20 silly mapToRegistry using default registry
21 silly mapToRegistry registry https://registry.npmjs.org/
22 silly mapToRegistry uri https://registry.npmjs.org/stubhub-core-sass
23 verbose publish registryBase https://registry.npmjs.org/
24 silly publish uploading /Users/kodsmith/.npm/stubhub-core-sass/1.0.0/package.tgz
25 verbose request uri https://registry.npmjs.org/stubhub-core-sass
26 verbose request sending authorization for write operation
27 info attempt registry request try #1 at 23:32:00
28 verbose request using bearer token for auth
29 verbose request id 434f11dcd049a7f9
30 http request PUT https://registry.npmjs.org/stubhub-core-sass
31 http 403 https://registry.npmjs.org/stubhub-core-sass
32 verbose headers { 'content-type': 'application/json',
32 verbose headers   'cache-control': 'max-age=60',
32 verbose headers   'content-length': '95',
32 verbose headers   'accept-ranges': 'bytes',
32 verbose headers   date: 'Fri, 06 Nov 2015 07:31:59 GMT',
32 verbose headers   via: '1.1 varnish',
32 verbose headers   connection: 'keep-alive',
32 verbose headers   'x-served-by': 'cache-lax1427-LAX',
32 verbose headers   'x-cache': 'MISS',
32 verbose headers   'x-cache-hits': '0',
32 verbose headers   'x-timer': 'S1446795119.828629,VS0,VE168' }
33 verbose request invalidating /Users/kodsmith/.npm/registry.npmjs.org/stubhub-core-sass on PUT
34 error publish Failed PUT 403
35 verbose stack Error: "You cannot publish over the previously published version 1.0.0." : stubhub-core-sass
35 verbose stack     at makeError (/usr/local/lib/node_modules/npm/node_modules/npm-registry-client/lib/request.js:263:12)
35 verbose stack     at CachingRegistryClient.<anonymous> (/usr/local/lib/node_modules/npm/node_modules/npm-registry-client/lib/request.js:251:14)
35 verbose stack     at Request._callback (/usr/local/lib/node_modules/npm/node_modules/npm-registry-client/lib/request.js:171:14)
35 verbose stack     at Request.self.callback (/usr/local/lib/node_modules/npm/node_modules/request/request.js:198:22)
35 verbose stack     at Request.emit (events.js:98:17)
35 verbose stack     at Request.<anonymous> (/usr/local/lib/node_modules/npm/node_modules/request/request.js:1073:14)
35 verbose stack     at Request.emit (events.js:117:20)
35 verbose stack     at IncomingMessage.<anonymous> (/usr/local/lib/node_modules/npm/node_modules/request/request.js:1019:12)
35 verbose stack     at IncomingMessage.emit (events.js:117:20)
35 verbose stack     at _stream_readable.js:944:16
36 verbose statusCode 403
37 verbose pkgid stubhub-core-sass
38 verbose cwd /Users/kodsmith/dev/stubhub/app-npm-packages/core-sass
39 error Darwin 14.5.0
40 error argv "node" "/usr/local/bin/npm" "publish"
41 error node v0.10.35
42 error npm  v2.14.2
43 error code E403
44 error "You cannot publish over the previously published version 1.0.0." : stubhub-core-sass
45 error If you need help, you may report this error at:
45 error     <https://github.com/npm/npm/issues>
46 verbose exit [ 1, true ]
